<?xml version="1.0" encoding="UTF-8"?>
<testsuite name="tutorial.Node_ESTest" time="0.015" tests="5" errors="0" skipped="0" failures="0">
  <properties>
[...]
</properties>
  <testcase name="test0" classname="tutorial.Node_ESTest" time="0"/>
  <testcase name="test1" classname="tutorial.Node_ESTest" time="0.015"/>
  <testcase name="test4" classname="tutorial.Node_ESTest" time="0"/>
  <testcase name="test2" classname="tutorial.Node_ESTest" time="0"/>
  <testcase name="test3" classname="tutorial.Node_ESTest" time="0"/>
</testsuite>